ERROR - 2022-08-23 01:36:25 --> mysqli_sql_exception: Table 'campingsPlaceMysql.campings_general_data_use' doesn't exist in /app/myapp/system/Database/MySQLi/Connection.php:292
Stack trace:
#0 /app/myapp/system/Database/MySQLi/Connection.php(292): mysqli->query()
#1 /app/myapp/system/Database/BaseConnection.php(693): CodeIgniter\Database\MySQLi\Connection->execute()
#2 /app/myapp/system/Database/BaseConnection.php(620): CodeIgniter\Database\BaseConnection->simpleQuery()
#3 /app/myapp/app/Models/SpainModel.php(8): CodeIgniter\Database\BaseConnection->query()
#4 /app/myapp/app/Controllers/Spain.php(11): App\Models\SpainModel->getTest()
#5 /app/myapp/system/CodeIgniter.php(904): App\Controllers\Spain->index()
#6 /app/myapp/system/CodeIgniter.php(457): CodeIgniter\CodeIgniter->runController()
#7 /app/myapp/system/CodeIgniter.php(340): CodeIgniter\CodeIgniter->handleRequest()
#8 /app/myapp/public/index.php(67): CodeIgniter\CodeIgniter->run()
#9 {main}
CRITICAL - 2022-08-23 01:36:25 --> Table 'campingsPlaceMysql.campings_general_data_use' doesn't exist
in SYSTEMPATH/Database/MySQLi/Connection.php on line 292.
 1 SYSTEMPATH/Database/MySQLi/Connection.php(292): mysqli->query()
 2 SYSTEMPATH/Database/BaseConnection.php(693): CodeIgniter\Database\MySQLi\Connection->execute()
 3 SYSTEMPATH/Database/BaseConnection.php(620): CodeIgniter\Database\BaseConnection->simpleQuery()
 4 APPPATH/Models/SpainModel.php(8): CodeIgniter\Database\BaseConnection->query()
 5 APPPATH/Controllers/Spain.php(11): App\Models\SpainModel->getTest()
 6 SYSTEMPATH/CodeIgniter.php(904): App\Controllers\Spain->index()
 7 SYSTEMPATH/CodeIgniter.php(457): CodeIgniter\CodeIgniter->runController()
 8 SYSTEMPATH/CodeIgniter.php(340): CodeIgniter\CodeIgniter->handleRequest()
 9 FCPATH/index.php(67): CodeIgniter\CodeIgniter->run()
